<?xml version="1.0" encoding="UTF-8"?>
<coverage generated="1759325579548" clover="3.2.0">
  <project timestamp="1759325579548" name="All files">
    <metrics statements="75" coveredstatements="63" conditionals="79" coveredconditionals="64" methods="23" coveredmethods="16" elements="177" coveredelements="143" complexity="0" loc="75" ncloc="75" packages="3" files="3" classes="3"/>
    <package name="components">
      <metrics statements="14" coveredstatements="12" conditionals="13" coveredconditionals="13" methods="6" coveredmethods="4"/>
      <file name="ErrorBoundary.tsx" path="/Users/alim/Sites/git/html-social-share-buttons/src/admin-ui/components/ErrorBoundary.tsx">
        <metrics statements="14" coveredstatements="12" conditionals="13" coveredconditionals="13" methods="6" coveredmethods="4"/>
        <line num="23" count="24" type="stmt"/>
        <line num="24" count="23" type="stmt"/>
        <line num="34" count="22" type="stmt"/>
        <line num="41" count="10" type="stmt"/>
        <line num="47" count="10" type="cond" truecount="2" falsecount="0"/>
        <line num="48" count="1" type="stmt"/>
        <line num="54" count="23" type="stmt"/>
        <line num="55" count="0" type="stmt"/>
        <line num="63" count="57" type="cond" truecount="4" falsecount="0"/>
        <line num="65" count="32" type="cond" truecount="2" falsecount="0"/>
        <line num="66" count="2" type="stmt"/>
        <line num="73" count="30" type="stmt"/>
        <line num="131" count="0" type="stmt"/>
        <line num="145" count="25" type="stmt"/>
      </file>
    </package>
    <package name="components.ui">
      <metrics statements="11" coveredstatements="8" conditionals="17" coveredconditionals="9" methods="7" coveredmethods="4"/>
      <file name="Tabs.tsx" path="/Users/alim/Sites/git/html-social-share-buttons/src/admin-ui/components/ui/Tabs.tsx">
        <metrics statements="11" coveredstatements="8" conditionals="17" coveredconditionals="9" methods="7" coveredmethods="4"/>
        <line num="11" count="1" type="cond" truecount="1" falsecount="0"/>
        <line num="12" count="3" type="stmt"/>
        <line num="17" count="6" type="stmt"/>
        <line num="28" count="1" type="stmt"/>
        <line num="46" count="1" type="cond" truecount="0" falsecount="1"/>
        <line num="47" count="0" type="stmt"/>
        <line num="52" count="0" type="stmt"/>
        <line num="63" count="0" type="stmt"/>
        <line num="87" count="1" type="cond" truecount="1" falsecount="0"/>
        <line num="88" count="2" type="cond" truecount="2" falsecount="0"/>
        <line num="90" count="1" type="stmt"/>
      </file>
    </package>
    <package name="utils">
      <metrics statements="50" coveredstatements="43" conditionals="49" coveredconditionals="42" methods="10" coveredmethods="8"/>
      <file name="validation.ts" path="/Users/alim/Sites/git/html-social-share-buttons/src/admin-ui/utils/validation.ts">
        <metrics statements="50" coveredstatements="43" conditionals="49" coveredconditionals="42" methods="10" coveredmethods="8"/>
        <line num="2" count="1" type="stmt"/>
        <line num="12" count="1" type="stmt"/>
        <line num="25" count="2" type="cond" truecount="4" falsecount="0"/>
        <line num="26" count="1" type="stmt"/>
        <line num="28" count="1" type="stmt"/>
        <line num="35" count="0" type="cond" truecount="0" falsecount="4"/>
        <line num="36" count="0" type="stmt"/>
        <line num="38" count="0" type="stmt"/>
        <line num="68" count="1" type="stmt"/>
        <line num="70" count="3" type="stmt"/>
        <line num="74" count="2" type="stmt"/>
        <line num="78" count="4" type="stmt"/>
        <line num="79" count="4" type="cond" truecount="2" falsecount="0"/>
        <line num="83" count="3" type="stmt"/>
        <line num="84" count="3" type="cond" truecount="2" falsecount="0"/>
        <line num="88" count="0" type="stmt"/>
        <line num="121" count="26" type="cond" truecount="5" falsecount="0"/>
        <line num="122" count="4" type="stmt"/>
        <line num="129" count="22" type="cond" truecount="4" falsecount="0"/>
        <line num="130" count="2" type="stmt"/>
        <line num="133" count="20" type="stmt"/>
        <line num="136" count="20" type="cond" truecount="4" falsecount="0"/>
        <line num="137" count="1" type="stmt"/>
        <line num="144" count="19" type="cond" truecount="4" falsecount="0"/>
        <line num="145" count="1" type="stmt"/>
        <line num="152" count="18" type="cond" truecount="4" falsecount="0"/>
        <line num="153" count="4" type="stmt"/>
        <line num="160" count="14" type="cond" truecount="2" falsecount="0"/>
        <line num="161" count="4" type="stmt"/>
        <line num="162" count="4" type="cond" truecount="2" falsecount="0"/>
        <line num="163" count="2" type="stmt"/>
        <line num="170" count="12" type="stmt"/>
        <line num="178" count="2" type="stmt"/>
        <line num="180" count="2" type="stmt"/>
        <line num="181" count="6" type="stmt"/>
        <line num="182" count="6" type="stmt"/>
        <line num="184" count="6" type="cond" truecount="2" falsecount="0"/>
        <line num="185" count="2" type="stmt"/>
        <line num="189" count="2" type="stmt"/>
        <line num="197" count="4" type="cond" truecount="2" falsecount="0"/>
        <line num="198" count="1" type="stmt"/>
        <line num="201" count="3" type="cond" truecount="2" falsecount="0"/>
        <line num="202" count="2" type="stmt"/>
        <line num="205" count="1" type="cond" truecount="1" falsecount="1"/>
        <line num="206" count="0" type="stmt"/>
        <line num="209" count="1" type="cond" truecount="1" falsecount="1"/>
        <line num="210" count="0" type="stmt"/>
        <line num="213" count="1" type="cond" truecount="1" falsecount="1"/>
        <line num="214" count="0" type="stmt"/>
        <line num="217" count="1" type="stmt"/>
      </file>
    </package>
  </project>
</coverage>
