{"/Users/alim/Sites/git/html-social-share-buttons/src/admin-ui/components/ErrorBoundary.tsx": {"path":"/Users/alim/Sites/git/html-social-share-buttons/src/admin-ui/components/ErrorBoundary.tsx","statementMap":{"0":{"start":{"line":23,"column":2},"end":{"line":23,"column":17}},"1":{"start":{"line":24,"column":2},"end":{"line":28,"column":4}},"2":{"start":{"line":34,"column":2},"end":{"line":37,"column":4}},"3":{"start":{"line":41,"column":2},"end":{"line":44,"column":6}},"4":{"start":{"line":47,"column":2},"end":{"line":49,"column":3}},"5":{"start":{"line":48,"column":3},"end":{"line":48,"column":42}},"6":{"start":{"line":54,"column":23},"end":{"line":60,"column":2}},"7":{"start":{"line":55,"column":2},"end":{"line":59,"column":6}},"8":{"start":{"line":63,"column":2},"end":{"line":143,"column":3}},"9":{"start":{"line":65,"column":3},"end":{"line":70,"column":4}},"10":{"start":{"line":66,"column":4},"end":{"line":69,"column":6}},"11":{"start":{"line":73,"column":3},"end":{"line":142,"column":5}},"12":{"start":{"line":131,"column":11},"end":{"line":131,"column":35}},"13":{"start":{"line":145,"column":2},"end":{"line":145,"column":29}}},"fnMap":{"0":{"name":"(anonymous_0)","decl":{"start":{"line":22,"column":1},"end":{"line":22,"column":2}},"loc":{"start":{"line":22,"column":42},"end":{"line":29,"column":2}},"line":22},"1":{"name":"(anonymous_1)","decl":{"start":{"line":31,"column":1},"end":{"line":31,"column":2}},"loc":{"start":{"line":33,"column":34},"end":{"line":38,"column":2}},"line":33},"2":{"name":"(anonymous_2)","decl":{"start":{"line":40,"column":1},"end":{"line":40,"column":2}},"loc":{"start":{"line":40,"column":63},"end":{"line":52,"column":2}},"line":40},"3":{"name":"(anonymous_3)","decl":{"start":{"line":54,"column":23},"end":{"line":54,"column":24}},"loc":{"start":{"line":54,"column":29},"end":{"line":60,"column":2}},"line":54},"4":{"name":"(anonymous_4)","decl":{"start":{"line":62,"column":1},"end":{"line":62,"column":2}},"loc":{"start":{"line":62,"column":10},"end":{"line":146,"column":2}},"line":62},"5":{"name":"(anonymous_5)","decl":{"start":{"line":130,"column":20},"end":{"line":130,"column":21}},"loc":{"start":{"line":131,"column":11},"end":{"line":131,"column":35}},"line":131}},"branchMap":{"0":{"loc":{"start":{"line":47,"column":2},"end":{"line":49,"column":3}},"type":"if","locations":[{"start":{"line":47,"column":2},"end":{"line":49,"column":3}},{"start":{},"end":{}}],"line":47},"1":{"loc":{"start":{"line":63,"column":2},"end":{"line":143,"column":3}},"type":"if","locations":[{"start":{"line":63,"column":2},"end":{"line":143,"column":3}},{"start":{},"end":{}}],"line":63},"2":{"loc":{"start":{"line":63,"column":7},"end":{"line":63,"column":46}},"type":"binary-expr","locations":[{"start":{"line":63,"column":7},"end":{"line":63,"column":26}},{"start":{"line":63,"column":30},"end":{"line":63,"column":46}}],"line":63},"3":{"loc":{"start":{"line":65,"column":3},"end":{"line":70,"column":4}},"type":"if","locations":[{"start":{"line":65,"column":3},"end":{"line":70,"column":4}},{"start":{},"end":{}}],"line":65},"4":{"loc":{"start":{"line":90,"column":10},"end":{"line":120,"column":10}},"type":"binary-expr","locations":[{"start":{"line":90,"column":10},"end":{"line":90,"column":48}},{"start":{"line":91,"column":9},"end":{"line":91,"column":25}},{"start":{"line":92,"column":10},"end":{"line":119,"column":20}}],"line":90},"5":{"loc":{"start":{"line":104,"column":14},"end":{"line":117,"column":13}},"type":"binary-expr","locations":[{"start":{"line":104,"column":14},"end":{"line":104,"column":34}},{"start":{"line":105,"column":13},"end":{"line":116,"column":16}}],"line":104}},"s":{"0":24,"1":23,"2":22,"3":10,"4":10,"5":1,"6":23,"7":0,"8":57,"9":32,"10":2,"11":30,"12":0,"13":25},"f":{"0":24,"1":22,"2":10,"3":0,"4":57,"5":0},"b":{"0":[1,9],"1":[32,25],"2":[57,32],"3":[2,30],"4":[30,15,15],"5":[15,5]},"_coverageSchema":"1a1c01bbd47fc00a2c39e90264f33305004495a9","hash":"eab62fc8a95c3779c35b06e06eb2b85c6c39cab8"}
,"/Users/alim/Sites/git/html-social-share-buttons/src/admin-ui/components/ui/Tabs.tsx": {"path":"/Users/alim/Sites/git/html-social-share-buttons/src/admin-ui/components/ui/Tabs.tsx","statementMap":{"0":{"start":{"line":11,"column":41},"end":{"line":44,"column":1}},"1":{"start":{"line":12,"column":1},"end":{"line":43,"column":3}},"2":{"start":{"line":17,"column":6},"end":{"line":38,"column":15}},"3":{"start":{"line":28,"column":22},"end":{"line":28,"column":41}},"4":{"start":{"line":46,"column":49},"end":{"line":78,"column":1}},"5":{"start":{"line":47,"column":1},"end":{"line":77,"column":3}},"6":{"start":{"line":52,"column":6},"end":{"line":71,"column":15}},"7":{"start":{"line":63,"column":22},"end":{"line":63,"column":41}},"8":{"start":{"line":87,"column":49},"end":{"line":95,"column":1}},"9":{"start":{"line":88,"column":1},"end":{"line":88,"column":35}},"10":{"start":{"line":88,"column":23},"end":{"line":88,"column":35}},"11":{"start":{"line":90,"column":1},"end":{"line":94,"column":3}}},"fnMap":{"0":{"name":"(anonymous_0)","decl":{"start":{"line":11,"column":41},"end":{"line":11,"column":42}},"loc":{"start":{"line":11,"column":95},"end":{"line":44,"column":1}},"line":11},"1":{"name":"(anonymous_1)","decl":{"start":{"line":16,"column":15},"end":{"line":16,"column":16}},"loc":{"start":{"line":17,"column":6},"end":{"line":38,"column":15}},"line":17},"2":{"name":"(anonymous_2)","decl":{"start":{"line":28,"column":16},"end":{"line":28,"column":17}},"loc":{"start":{"line":28,"column":22},"end":{"line":28,"column":41}},"line":28},"3":{"name":"(anonymous_3)","decl":{"start":{"line":46,"column":49},"end":{"line":46,"column":50}},"loc":{"start":{"line":46,"column":103},"end":{"line":78,"column":1}},"line":46},"4":{"name":"(anonymous_4)","decl":{"start":{"line":51,"column":15},"end":{"line":51,"column":16}},"loc":{"start":{"line":52,"column":6},"end":{"line":71,"column":15}},"line":52},"5":{"name":"(anonymous_5)","decl":{"start":{"line":63,"column":16},"end":{"line":63,"column":17}},"loc":{"start":{"line":63,"column":22},"end":{"line":63,"column":41}},"line":63},"6":{"name":"(anonymous_6)","decl":{"start":{"line":87,"column":49},"end":{"line":87,"column":50}},"loc":{"start":{"line":87,"column":98},"end":{"line":95,"column":1}},"line":87}},"branchMap":{"0":{"loc":{"start":{"line":11,"column":74},"end":{"line":11,"column":88}},"type":"default-arg","locations":[{"start":{"line":11,"column":86},"end":{"line":11,"column":88}}],"line":11},"1":{"loc":{"start":{"line":24,"column":8},"end":{"line":26,"column":63}},"type":"cond-expr","locations":[{"start":{"line":25,"column":11},"end":{"line":25,"column":62}},{"start":{"line":26,"column":11},"end":{"line":26,"column":63}}],"line":24},"2":{"loc":{"start":{"line":31,"column":9},"end":{"line":31,"column":80}},"type":"binary-expr","locations":[{"start":{"line":31,"column":9},"end":{"line":31,"column":17}},{"start":{"line":31,"column":21},"end":{"line":31,"column":80}}],"line":31},"3":{"loc":{"start":{"line":33,"column":23},"end":{"line":33,"column":84}},"type":"cond-expr","locations":[{"start":{"line":33,"column":46},"end":{"line":33,"column":79}},{"start":{"line":33,"column":82},"end":{"line":33,"column":84}}],"line":33},"4":{"loc":{"start":{"line":46,"column":82},"end":{"line":46,"column":96}},"type":"default-arg","locations":[{"start":{"line":46,"column":94},"end":{"line":46,"column":96}}],"line":46},"5":{"loc":{"start":{"line":59,"column":8},"end":{"line":61,"column":63}},"type":"cond-expr","locations":[{"start":{"line":60,"column":11},"end":{"line":60,"column":64}},{"start":{"line":61,"column":11},"end":{"line":61,"column":63}}],"line":59},"6":{"loc":{"start":{"line":65,"column":8},"end":{"line":65,"column":93}},"type":"binary-expr","locations":[{"start":{"line":65,"column":8},"end":{"line":65,"column":16}},{"start":{"line":65,"column":20},"end":{"line":65,"column":93}}],"line":65},"7":{"loc":{"start":{"line":67,"column":22},"end":{"line":67,"column":83}},"type":"cond-expr","locations":[{"start":{"line":67,"column":45},"end":{"line":67,"column":78}},{"start":{"line":67,"column":81},"end":{"line":67,"column":83}}],"line":67},"8":{"loc":{"start":{"line":87,"column":77},"end":{"line":87,"column":91}},"type":"default-arg","locations":[{"start":{"line":87,"column":89},"end":{"line":87,"column":91}}],"line":87},"9":{"loc":{"start":{"line":88,"column":1},"end":{"line":88,"column":35}},"type":"if","locations":[{"start":{"line":88,"column":1},"end":{"line":88,"column":35}},{"start":{},"end":{}}],"line":88}},"s":{"0":1,"1":3,"2":6,"3":1,"4":1,"5":0,"6":0,"7":0,"8":1,"9":2,"10":1,"11":1},"f":{"0":3,"1":6,"2":1,"3":0,"4":0,"5":0,"6":2},"b":{"0":[3],"1":[3,3],"2":[6,0],"3":[3,3],"4":[0],"5":[0,0],"6":[0,0],"7":[0,0],"8":[2],"9":[1,1]},"_coverageSchema":"1a1c01bbd47fc00a2c39e90264f33305004495a9","hash":"f6ff184a4f50ba9d48dd06feac0ddfaa3fe8a971"}
,"/Users/alim/Sites/git/html-social-share-buttons/src/admin-ui/utils/validation.ts": {"path":"/Users/alim/Sites/git/html-social-share-buttons/src/admin-ui/utils/validation.ts","statementMap":{"0":{"start":{"line":2,"column":24},"end":{"line":9,"column":1}},"1":{"start":{"line":12,"column":31},"end":{"line":65,"column":1}},"2":{"start":{"line":25,"column":3},"end":{"line":27,"column":4}},"3":{"start":{"line":26,"column":4},"end":{"line":26,"column":48}},"4":{"start":{"line":28,"column":3},"end":{"line":28,"column":15}},"5":{"start":{"line":35,"column":3},"end":{"line":37,"column":4}},"6":{"start":{"line":36,"column":4},"end":{"line":36,"column":50}},"7":{"start":{"line":38,"column":3},"end":{"line":38,"column":15}},"8":{"start":{"line":68,"column":26},"end":{"line":93,"column":1}},"9":{"start":{"line":70,"column":2},"end":{"line":70,"column":47}},"10":{"start":{"line":74,"column":2},"end":{"line":74,"column":36}},"11":{"start":{"line":78,"column":18},"end":{"line":78,"column":63}},"12":{"start":{"line":79,"column":2},"end":{"line":79,"column":61}},"13":{"start":{"line":83,"column":18},"end":{"line":83,"column":44}},"14":{"start":{"line":84,"column":2},"end":{"line":84,"column":61}},"15":{"start":{"line":88,"column":2},"end":{"line":91,"column":27}},"16":{"start":{"line":121,"column":1},"end":{"line":126,"column":2}},"17":{"start":{"line":122,"column":2},"end":{"line":125,"column":4}},"18":{"start":{"line":129,"column":1},"end":{"line":131,"column":2}},"19":{"start":{"line":130,"column":2},"end":{"line":130,"column":14}},"20":{"start":{"line":133,"column":21},"end":{"line":133,"column":37}},"21":{"start":{"line":136,"column":1},"end":{"line":141,"column":2}},"22":{"start":{"line":137,"column":2},"end":{"line":140,"column":4}},"23":{"start":{"line":144,"column":1},"end":{"line":149,"column":2}},"24":{"start":{"line":145,"column":2},"end":{"line":148,"column":4}},"25":{"start":{"line":152,"column":1},"end":{"line":157,"column":2}},"26":{"start":{"line":153,"column":2},"end":{"line":156,"column":4}},"27":{"start":{"line":160,"column":1},"end":{"line":168,"column":2}},"28":{"start":{"line":161,"column":22},"end":{"line":161,"column":43}},"29":{"start":{"line":162,"column":2},"end":{"line":167,"column":3}},"30":{"start":{"line":163,"column":3},"end":{"line":166,"column":5}},"31":{"start":{"line":170,"column":1},"end":{"line":170,"column":13}},"32":{"start":{"line":178,"column":35},"end":{"line":178,"column":37}},"33":{"start":{"line":180,"column":1},"end":{"line":187,"column":2}},"34":{"start":{"line":181,"column":16},"end":{"line":181,"column":33}},"35":{"start":{"line":182,"column":16},"end":{"line":182,"column":61}},"36":{"start":{"line":184,"column":2},"end":{"line":186,"column":3}},"37":{"start":{"line":185,"column":3},"end":{"line":185,"column":24}},"38":{"start":{"line":189,"column":1},"end":{"line":192,"column":3}},"39":{"start":{"line":197,"column":1},"end":{"line":199,"column":2}},"40":{"start":{"line":198,"column":2},"end":{"line":198,"column":72}},"41":{"start":{"line":201,"column":1},"end":{"line":203,"column":2}},"42":{"start":{"line":202,"column":2},"end":{"line":202,"column":46}},"43":{"start":{"line":205,"column":1},"end":{"line":207,"column":2}},"44":{"start":{"line":206,"column":2},"end":{"line":206,"column":95}},"45":{"start":{"line":209,"column":1},"end":{"line":211,"column":2}},"46":{"start":{"line":210,"column":2},"end":{"line":210,"column":105}},"47":{"start":{"line":213,"column":1},"end":{"line":215,"column":2}},"48":{"start":{"line":214,"column":2},"end":{"line":214,"column":66}},"49":{"start":{"line":217,"column":1},"end":{"line":217,"column":25}}},"fnMap":{"0":{"name":"(anonymous_0)","decl":{"start":{"line":24,"column":10},"end":{"line":24,"column":11}},"loc":{"start":{"line":24,"column":31},"end":{"line":29,"column":3}},"line":24},"1":{"name":"(anonymous_1)","decl":{"start":{"line":34,"column":10},"end":{"line":34,"column":11}},"loc":{"start":{"line":34,"column":31},"end":{"line":39,"column":3}},"line":34},"2":{"name":"(anonymous_2)","decl":{"start":{"line":69,"column":7},"end":{"line":69,"column":8}},"loc":{"start":{"line":69,"column":36},"end":{"line":71,"column":2}},"line":69},"3":{"name":"(anonymous_3)","decl":{"start":{"line":73,"column":6},"end":{"line":73,"column":7}},"loc":{"start":{"line":73,"column":35},"end":{"line":75,"column":2}},"line":73},"4":{"name":"(anonymous_4)","decl":{"start":{"line":77,"column":9},"end":{"line":77,"column":10}},"loc":{"start":{"line":77,"column":38},"end":{"line":80,"column":2}},"line":77},"5":{"name":"(anonymous_5)","decl":{"start":{"line":82,"column":11},"end":{"line":82,"column":12}},"loc":{"start":{"line":82,"column":40},"end":{"line":85,"column":2}},"line":82},"6":{"name":"(anonymous_6)","decl":{"start":{"line":87,"column":11},"end":{"line":87,"column":12}},"loc":{"start":{"line":87,"column":40},"end":{"line":92,"column":2}},"line":87},"7":{"name":"validateField","decl":{"start":{"line":115,"column":16},"end":{"line":115,"column":29}},"loc":{"start":{"line":119,"column":26},"end":{"line":171,"column":1}},"line":119},"8":{"name":"validateFormData","decl":{"start":{"line":174,"column":16},"end":{"line":174,"column":32}},"loc":{"start":{"line":177,"column":20},"end":{"line":193,"column":1}},"line":177},"9":{"name":"getPatternErrorMessage","decl":{"start":{"line":196,"column":9},"end":{"line":196,"column":31}},"loc":{"start":{"line":196,"column":59},"end":{"line":218,"column":1}},"line":196}},"branchMap":{"0":{"loc":{"start":{"line":25,"column":3},"end":{"line":27,"column":4}},"type":"if","locations":[{"start":{"line":25,"column":3},"end":{"line":27,"column":4}},{"start":{},"end":{}}],"line":25},"1":{"loc":{"start":{"line":25,"column":8},"end":{"line":25,"column":42}},"type":"binary-expr","locations":[{"start":{"line":25,"column":8},"end":{"line":25,"column":13}},{"start":{"line":25,"column":17},"end":{"line":25,"column":42}}],"line":25},"2":{"loc":{"start":{"line":35,"column":3},"end":{"line":37,"column":4}},"type":"if","locations":[{"start":{"line":35,"column":3},"end":{"line":37,"column":4}},{"start":{},"end":{}}],"line":35},"3":{"loc":{"start":{"line":35,"column":8},"end":{"line":35,"column":42}},"type":"binary-expr","locations":[{"start":{"line":35,"column":8},"end":{"line":35,"column":13}},{"start":{"line":35,"column":17},"end":{"line":35,"column":42}}],"line":35},"4":{"loc":{"start":{"line":79,"column":9},"end":{"line":79,"column":60}},"type":"cond-expr","locations":[{"start":{"line":79,"column":37},"end":{"line":79,"column":44}},{"start":{"line":79,"column":47},"end":{"line":79,"column":60}}],"line":79},"5":{"loc":{"start":{"line":84,"column":9},"end":{"line":84,"column":60}},"type":"cond-expr","locations":[{"start":{"line":84,"column":37},"end":{"line":84,"column":44}},{"start":{"line":84,"column":47},"end":{"line":84,"column":60}}],"line":84},"6":{"loc":{"start":{"line":121,"column":1},"end":{"line":126,"column":2}},"type":"if","locations":[{"start":{"line":121,"column":1},"end":{"line":126,"column":2}},{"start":{},"end":{}}],"line":121},"7":{"loc":{"start":{"line":121,"column":6},"end":{"line":121,"column":69}},"type":"binary-expr","locations":[{"start":{"line":121,"column":6},"end":{"line":121,"column":20}},{"start":{"line":121,"column":26},"end":{"line":121,"column":33}},{"start":{"line":121,"column":37},"end":{"line":121,"column":67}}],"line":121},"8":{"loc":{"start":{"line":129,"column":1},"end":{"line":131,"column":2}},"type":"if","locations":[{"start":{"line":129,"column":1},"end":{"line":131,"column":2}},{"start":{},"end":{}}],"line":129},"9":{"loc":{"start":{"line":129,"column":6},"end":{"line":129,"column":47}},"type":"binary-expr","locations":[{"start":{"line":129,"column":6},"end":{"line":129,"column":13}},{"start":{"line":129,"column":17},"end":{"line":129,"column":47}}],"line":129},"10":{"loc":{"start":{"line":136,"column":1},"end":{"line":141,"column":2}},"type":"if","locations":[{"start":{"line":136,"column":1},"end":{"line":141,"column":2}},{"start":{},"end":{}}],"line":136},"11":{"loc":{"start":{"line":136,"column":6},"end":{"line":136,"column":61}},"type":"binary-expr","locations":[{"start":{"line":136,"column":6},"end":{"line":136,"column":21}},{"start":{"line":136,"column":25},"end":{"line":136,"column":61}}],"line":136},"12":{"loc":{"start":{"line":144,"column":1},"end":{"line":149,"column":2}},"type":"if","locations":[{"start":{"line":144,"column":1},"end":{"line":149,"column":2}},{"start":{},"end":{}}],"line":144},"13":{"loc":{"start":{"line":144,"column":6},"end":{"line":144,"column":61}},"type":"binary-expr","locations":[{"start":{"line":144,"column":6},"end":{"line":144,"column":21}},{"start":{"line":144,"column":25},"end":{"line":144,"column":61}}],"line":144},"14":{"loc":{"start":{"line":152,"column":1},"end":{"line":157,"column":2}},"type":"if","locations":[{"start":{"line":152,"column":1},"end":{"line":157,"column":2}},{"start":{},"end":{}}],"line":152},"15":{"loc":{"start":{"line":152,"column":6},"end":{"line":152,"column":58}},"type":"binary-expr","locations":[{"start":{"line":152,"column":6},"end":{"line":152,"column":19}},{"start":{"line":152,"column":23},"end":{"line":152,"column":58}}],"line":152},"16":{"loc":{"start":{"line":160,"column":1},"end":{"line":168,"column":2}},"type":"if","locations":[{"start":{"line":160,"column":1},"end":{"line":168,"column":2}},{"start":{},"end":{}}],"line":160},"17":{"loc":{"start":{"line":162,"column":2},"end":{"line":167,"column":3}},"type":"if","locations":[{"start":{"line":162,"column":2},"end":{"line":167,"column":3}},{"start":{},"end":{}}],"line":162},"18":{"loc":{"start":{"line":184,"column":2},"end":{"line":186,"column":3}},"type":"if","locations":[{"start":{"line":184,"column":2},"end":{"line":186,"column":3}},{"start":{},"end":{}}],"line":184},"19":{"loc":{"start":{"line":197,"column":1},"end":{"line":199,"column":2}},"type":"if","locations":[{"start":{"line":197,"column":1},"end":{"line":199,"column":2}},{"start":{},"end":{}}],"line":197},"20":{"loc":{"start":{"line":201,"column":1},"end":{"line":203,"column":2}},"type":"if","locations":[{"start":{"line":201,"column":1},"end":{"line":203,"column":2}},{"start":{},"end":{}}],"line":201},"21":{"loc":{"start":{"line":205,"column":1},"end":{"line":207,"column":2}},"type":"if","locations":[{"start":{"line":205,"column":1},"end":{"line":207,"column":2}},{"start":{},"end":{}}],"line":205},"22":{"loc":{"start":{"line":209,"column":1},"end":{"line":211,"column":2}},"type":"if","locations":[{"start":{"line":209,"column":1},"end":{"line":211,"column":2}},{"start":{},"end":{}}],"line":209},"23":{"loc":{"start":{"line":213,"column":1},"end":{"line":215,"column":2}},"type":"if","locations":[{"start":{"line":213,"column":1},"end":{"line":215,"column":2}},{"start":{},"end":{}}],"line":213}},"s":{"0":1,"1":1,"2":2,"3":1,"4":1,"5":0,"6":0,"7":0,"8":1,"9":3,"10":2,"11":4,"12":4,"13":3,"14":3,"15":0,"16":26,"17":4,"18":22,"19":2,"20":20,"21":20,"22":1,"23":19,"24":1,"25":18,"26":4,"27":14,"28":4,"29":4,"30":2,"31":12,"32":2,"33":2,"34":6,"35":6,"36":6,"37":2,"38":2,"39":4,"40":1,"41":3,"42":2,"43":1,"44":0,"45":1,"46":0,"47":1,"48":0,"49":1},"f":{"0":2,"1":0,"2":3,"3":2,"4":4,"5":3,"6":0,"7":26,"8":2,"9":4},"b":{"0":[1,1],"1":[2,2],"2":[0,0],"3":[0,0],"4":[2,2],"5":[2,1],"6":[4,22],"7":[26,8,4],"8":[2,20],"9":[22,20],"10":[1,19],"11":[20,4],"12":[1,18],"13":[19,4],"14":[4,14],"15":[18,12],"16":[4,10],"17":[2,2],"18":[2,4],"19":[1,3],"20":[2,1],"21":[0,1],"22":[0,1],"23":[0,1]},"_coverageSchema":"1a1c01bbd47fc00a2c39e90264f33305004495a9","hash":"d1122b7456c5b828c89a2f7617565ba1eb6ba252"}
}
