TN:
SF:src/admin-ui/components/ErrorBoundary.tsx
FN:22,(anonymous_0)
FN:31,(anonymous_1)
FN:40,(anonymous_2)
FN:54,(anonymous_3)
FN:62,(anonymous_4)
FN:130,(anonymous_5)
FNF:6
FNH:4
FNDA:24,(anonymous_0)
FNDA:22,(anonymous_1)
FNDA:10,(anonymous_2)
FNDA:0,(anonymous_3)
FNDA:57,(anonymous_4)
FNDA:0,(anonymous_5)
DA:23,24
DA:24,23
DA:34,22
DA:41,10
DA:47,10
DA:48,1
DA:54,23
DA:55,0
DA:63,57
DA:65,32
DA:66,2
DA:73,30
DA:131,0
DA:145,25
LF:14
LH:12
BRDA:47,0,0,1
BRDA:47,0,1,9
BRDA:63,1,0,32
BRDA:63,1,1,25
BRDA:63,2,0,57
BRDA:63,2,1,32
BRDA:65,3,0,2
BRDA:65,3,1,30
BRDA:90,4,0,30
BRDA:90,4,1,15
BRDA:90,4,2,15
BRDA:104,5,0,15
BRDA:104,5,1,5
BRF:13
BRH:13
end_of_record
TN:
SF:src/admin-ui/components/ui/Tabs.tsx
FN:11,(anonymous_0)
FN:16,(anonymous_1)
FN:28,(anonymous_2)
FN:46,(anonymous_3)
FN:51,(anonymous_4)
FN:63,(anonymous_5)
FN:87,(anonymous_6)
FNF:7
FNH:4
FNDA:3,(anonymous_0)
FNDA:6,(anonymous_1)
FNDA:1,(anonymous_2)
FNDA:0,(anonymous_3)
FNDA:0,(anonymous_4)
FNDA:0,(anonymous_5)
FNDA:2,(anonymous_6)
DA:11,1
DA:12,3
DA:17,6
DA:28,1
DA:46,1
DA:47,0
DA:52,0
DA:63,0
DA:87,1
DA:88,2
DA:90,1
LF:11
LH:8
BRDA:11,0,0,3
BRDA:24,1,0,3
BRDA:24,1,1,3
BRDA:31,2,0,6
BRDA:31,2,1,0
BRDA:33,3,0,3
BRDA:33,3,1,3
BRDA:46,4,0,0
BRDA:59,5,0,0
BRDA:59,5,1,0
BRDA:65,6,0,0
BRDA:65,6,1,0
BRDA:67,7,0,0
BRDA:67,7,1,0
BRDA:87,8,0,2
BRDA:88,9,0,1
BRDA:88,9,1,1
BRF:17
BRH:9
end_of_record
TN:
SF:src/admin-ui/utils/validation.ts
FN:24,(anonymous_0)
FN:34,(anonymous_1)
FN:69,(anonymous_2)
FN:73,(anonymous_3)
FN:77,(anonymous_4)
FN:82,(anonymous_5)
FN:87,(anonymous_6)
FN:115,validateField
FN:174,validateFormData
FN:196,getPatternErrorMessage
FNF:10
FNH:8
FNDA:2,(anonymous_0)
FNDA:0,(anonymous_1)
FNDA:3,(anonymous_2)
FNDA:2,(anonymous_3)
FNDA:4,(anonymous_4)
FNDA:3,(anonymous_5)
FNDA:0,(anonymous_6)
FNDA:26,validateField
FNDA:2,validateFormData
FNDA:4,getPatternErrorMessage
DA:2,1
DA:12,1
DA:25,2
DA:26,1
DA:28,1
DA:35,0
DA:36,0
DA:38,0
DA:68,1
DA:70,3
DA:74,2
DA:78,4
DA:79,4
DA:83,3
DA:84,3
DA:88,0
DA:121,26
DA:122,4
DA:129,22
DA:130,2
DA:133,20
DA:136,20
DA:137,1
DA:144,19
DA:145,1
DA:152,18
DA:153,4
DA:160,14
DA:161,4
DA:162,4
DA:163,2
DA:170,12
DA:178,2
DA:180,2
DA:181,6
DA:182,6
DA:184,6
DA:185,2
DA:189,2
DA:197,4
DA:198,1
DA:201,3
DA:202,2
DA:205,1
DA:206,0
DA:209,1
DA:210,0
DA:213,1
DA:214,0
DA:217,1
LF:50
LH:43
BRDA:25,0,0,1
BRDA:25,0,1,1
BRDA:25,1,0,2
BRDA:25,1,1,2
BRDA:35,2,0,0
BRDA:35,2,1,0
BRDA:35,3,0,0
BRDA:35,3,1,0
BRDA:79,4,0,2
BRDA:79,4,1,2
BRDA:84,5,0,2
BRDA:84,5,1,1
BRDA:121,6,0,4
BRDA:121,6,1,22
BRDA:121,7,0,26
BRDA:121,7,1,8
BRDA:121,7,2,4
BRDA:129,8,0,2
BRDA:129,8,1,20
BRDA:129,9,0,22
BRDA:129,9,1,20
BRDA:136,10,0,1
BRDA:136,10,1,19
BRDA:136,11,0,20
BRDA:136,11,1,4
BRDA:144,12,0,1
BRDA:144,12,1,18
BRDA:144,13,0,19
BRDA:144,13,1,4
BRDA:152,14,0,4
BRDA:152,14,1,14
BRDA:152,15,0,18
BRDA:152,15,1,12
BRDA:160,16,0,4
BRDA:160,16,1,10
BRDA:162,17,0,2
BRDA:162,17,1,2
BRDA:184,18,0,2
BRDA:184,18,1,4
BRDA:197,19,0,1
BRDA:197,19,1,3
BRDA:201,20,0,2
BRDA:201,20,1,1
BRDA:205,21,0,0
BRDA:205,21,1,1
BRDA:209,22,0,0
BRDA:209,22,1,1
BRDA:213,23,0,0
BRDA:213,23,1,1
BRF:49
BRH:42
end_of_record
